<?xml version="1.0" encoding="UTF-8"?>
<!-- Generated by org.testng.reporters.JUnitReportReporter -->
<testsuite hostname="Hafizhs-MacBook-Air.local" failures="1" tests="1" name="qaautomation.stagingengineerai.APITest" time="8.646" errors="0" timestamp="30 Jan 2023 04:06:31 GMT" skipped="0">
  <testcase classname="qaautomation.stagingengineerai.APITest" name="signupAPI" time="8.646">
    <failure message="1 expectation failed.
Response body doesn&#039;t match expectation.
Expected: The content to match the given JSON schema.
error: object has missing required properties ([&quot;address_disabled&quot;,&quot;authtoken&quot;,&quot;available_country&quot;,&quot;available_currency&quot;,&quot;bant_answers&quot;,&quot;billing_entity&quot;,&quot;currency&quot;,&quot;email&quot;,&quot;enable_referral_code&quot;,&quot;enterprise_lead&quot;,&quot;first_name&quot;,&quot;id&quot;,&quot;last_name&quot;,&quot;message_preferences&quot;,&quot;nda_signed&quot;,&quot;organisation&quot;,&quot;origin&quot;,&quot;phone_number&quot;,&quot;pm_dashboard_token&quot;,&quot;price_multiplier&quot;,&quot;profile_image&quot;,&quot;referral_code&quot;,&quot;region&quot;,&quot;roles&quot;,&quot;running_project_count&quot;,&quot;setting&quot;,&quot;signup_stage&quot;,&quot;source&quot;,&quot;spec_call_nda_signed&quot;,&quot;sub_region&quot;,&quot;user_profiles&quot;,&quot;user_type&quot;,&quot;utm_campaign&quot;,&quot;utm_medium&quot;,&quot;utm_source&quot;])
    level: &quot;error&quot;
    schema: {&quot;loadingURI&quot;:&quot;#&quot;,&quot;pointer&quot;:&quot;&quot;}
    instance: {&quot;pointer&quot;:&quot;&quot;}
    domain: &quot;validation&quot;
    keyword: &quot;required&quot;
    required: [&quot;address_disabled&quot;,&quot;authtoken&quot;,&quot;available_country&quot;,&quot;available_currency&quot;,&quot;bant_answers&quot;,&quot;billing_entity&quot;,&quot;currency&quot;,&quot;email&quot;,&quot;enable_referral_code&quot;,&quot;enterprise_lead&quot;,&quot;first_name&quot;,&quot;id&quot;,&quot;last_name&quot;,&quot;message_preferences&quot;,&quot;nda_signed&quot;,&quot;organisation&quot;,&quot;origin&quot;,&quot;phone_number&quot;,&quot;pm_dashboard_token&quot;,&quot;price_multiplier&quot;,&quot;profile_image&quot;,&quot;referral_code&quot;,&quot;region&quot;,&quot;roles&quot;,&quot;running_project_count&quot;,&quot;setting&quot;,&quot;signup_stage&quot;,&quot;source&quot;,&quot;spec_call_nda_signed&quot;,&quot;sub_region&quot;,&quot;user_profiles&quot;,&quot;user_type&quot;,&quot;utm_campaign&quot;,&quot;utm_medium&quot;,&quot;utm_source&quot;]
    missing: [&quot;address_disabled&quot;,&quot;authtoken&quot;,&quot;available_country&quot;,&quot;available_currency&quot;,&quot;bant_answers&quot;,&quot;billing_entity&quot;,&quot;currency&quot;,&quot;email&quot;,&quot;enable_referral_code&quot;,&quot;enterprise_lead&quot;,&quot;first_name&quot;,&quot;id&quot;,&quot;last_name&quot;,&quot;message_preferences&quot;,&quot;nda_signed&quot;,&quot;organisation&quot;,&quot;origin&quot;,&quot;phone_number&quot;,&quot;pm_dashboard_token&quot;,&quot;price_multiplier&quot;,&quot;profile_image&quot;,&quot;referral_code&quot;,&quot;region&quot;,&quot;roles&quot;,&quot;running_project_count&quot;,&quot;setting&quot;,&quot;signup_stage&quot;,&quot;source&quot;,&quot;spec_call_nda_signed&quot;,&quot;sub_region&quot;,&quot;user_profiles&quot;,&quot;user_type&quot;,&quot;utm_campaign&quot;,&quot;utm_medium&quot;,&quot;utm_source&quot;]

  Actual: {&quot;user&quot;:{&quot;id&quot;:139658,&quot;first_name&quot;:&quot;Fatima&quot;,&quot;last_name&quot;:&quot;Metz&quot;,&quot;email&quot;:&quot;todd.dibbert@gmail.com&quot;,&quot;nda_signed&quot;:false,&quot;source&quot;:&quot;studio&quot;,&quot;phone_number&quot;:&quot;+62-81288899305&quot;,&quot;signup_stage&quot;:null,&quot;utm_source&quot;:null,&quot;utm_campaign&quot;:null,&quot;utm_medium&quot;:null,&quot;pm_dashboard_token&quot;:null,&quot;user_type&quot;:&quot;User&quot;,&quot;origin&quot;:&quot;staging&quot;,&quot;address_disabled&quot;:false,&quot;organisation&quot;:null,&quot;billing_entity&quot;:null,&quot;bant_answers&quot;:null,&quot;spec_call_nda_signed&quot;:null,&quot;enterprise_lead&quot;:null,&quot;profile_image&quot;:null,&quot;referral_code&quot;:&quot;C40d43a&quot;,&quot;price_multiplier&quot;:1.0,&quot;enable_referral_code&quot;:false,&quot;region&quot;:null,&quot;sub_region&quot;:null,&quot;message_preferences&quot;:null,&quot;user_profiles&quot;:[],&quot;authtoken&quot;:&quot;z5WmT-djsyzLF8bzKDA-&quot;,&quot;currency&quot;:{&quot;data&quot;:{&quot;id&quot;:&quot;2&quot;,&quot;type&quot;:&quot;currency&quot;,&quot;attributes&quot;:{&quot;id&quot;:2,&quot;name&quot;:&quot;US Dollars&quot;,&quot;code&quot;:&quot;USD&quot;,&quot;exchange_rate&quot;:1.0,&quot;multiplier&quot;:1.0,&quot;symbol&quot;:&quot;$&quot;,&quot;country_code&quot;:&quot;US&quot;,&quot;default_store_promo_code&quot;:&quot;&quot;,&quot;specing_price&quot;:250.0,&quot;icon_image_file_url&quot;:&quot;https://bstudio-staging.azureedge.net/alpha-stg-assets/uploads/image/file/591a9aa814c49f7f467463f7/Dollar.svg&quot;,&quot;instant_spec_price&quot;:250.0,&quot;tax&quot;:0,&quot;custom_prototype_price&quot;:1999.0,&quot;post_upfront_price&quot;:500.0,&quot;tax_type&quot;:null}}},&quot;roles&quot;:&quot;&quot;,&quot;running_project_count&quot;:0,&quot;available_currency&quot;:[&quot;USD&quot;],&quot;available_country&quot;:[{&quot;code&quot;:&quot;AF&quot;,&quot;name&quot;:&quot;Afghanistan&quot;},{&quot;code&quot;:&quot;AX&quot;,&quot;name&quot;:&quot;Aland Islands&quot;},{&quot;code&quot;:&quot;AL&quot;,&quot;name&quot;:&quot;Albania&quot;},{&quot;code&quot;:&quot;DZ&quot;,&quot;name&quot;:&quot;Algeria&quot;},{&quot;code&quot;:&quot;AS&quot;,&quot;name&quot;:&quot;American Samoa&quot;},{&quot;code&quot;:&quot;AD&quot;,&quot;name&quot;:&quot;Andorra&quot;},{&quot;code&quot;:&quot;AO&quot;,&quot;name&quot;:&quot;Angola&quot;},{&quot;code&quot;:&quot;AI&quot;,&quot;name&quot;:&quot;Anguilla&quot;},{&quot;code&quot;:&quot;AQ&quot;,&quot;name&quot;:&quot;Antarctica&quot;},{&quot;code&quot;:&quot;AG&quot;,&quot;name&quot;:&quot;Antigua and Barbuda&quot;},{&quot;code&quot;:&quot;AR&quot;,&quot;name&quot;:&quot;Argentina&quot;},{&quot;code&quot;:&quot;AM&quot;,&quot;name&quot;:&quot;Armenia&quot;},{&quot;code&quot;:&quot;AW&quot;,&quot;name&quot;:&quot;Aruba&quot;},{&quot;code&quot;:&quot;AU&quot;,&quot;name&quot;:&quot;Australia&quot;},{&quot;code&quot;:&quot;AT&quot;,&quot;name&quot;:&quot;Austria&quot;},{&quot;code&quot;:&quot;AZ&quot;,&quot;name&quot;:&quot;Azerbaijan&quot;},{&quot;code&quot;:&quot;BS&quot;,&quot;name&quot;:&quot;Bahamas&quot;},{&quot;code&quot;:&quot;BH&quot;,&quot;name&quot;:&quot;Bahrain&quot;},{&quot;code&quot;:&quot;BD&quot;,&quot;name&quot;:&quot;Bangladesh&quot;},{&quot;code&quot;:&quot;BB&quot;,&quot;name&quot;:&quot;Barbados&quot;},{&quot;code&quot;:&quot;BY&quot;,&quot;name&quot;:&quot;Belarus&quot;},{&quot;code&quot;:&quot;BE&quot;,&quot;name&quot;:&quot;Belgium&quot;},{&quot;code&quot;:&quot;BZ&quot;,&quot;name&quot;:&quot;Belize&quot;},{&quot;code&quot;:&quot;BJ&quot;,&quot;name&quot;:&quot;Benin&quot;},{&quot;code&quot;:&quot;BM&quot;,&quot;name&quot;:&quot;Bermuda&quot;},{&quot;code&quot;:&quot;BT&quot;,&quot;name&quot;:&quot;Bhutan&quot;},{&quot;code&quot;:&quot;BO&quot;,&quot;name&quot;:&quot;Bolivia&quot;},{&quot;code&quot;:&quot;Sint Eustatius and Saba&quot;,&quot;name&quot;:&quot;Bonaire&quot;},{&quot;code&quot;:&quot;BA&quot;,&quot;name&quot;:&quot;Bosnia and Herzegovina&quot;},{&quot;code&quot;:&quot;BW&quot;,&quot;name&quot;:&quot;Botswana&quot;},{&quot;code&quot;:&quot;BV&quot;,&quot;name&quot;:&quot;Bouvet Island&quot;},{&quot;code&quot;:&quot;BR&quot;,&quot;name&quot;:&quot;Brazil&quot;},{&quot;code&quot;:&quot;IO&quot;,&quot;name&quot;:&quot;British Indian Ocean Territory&quot;},{&quot;code&quot;:&quot;BN&quot;,&quot;name&quot;:&quot;Brunei Darussalam&quot;},{&quot;code&quot;:&quot;BG&quot;,&quot;name&quot;:&quot;Bulgaria&quot;},{&quot;code&quot;:&quot;BF&quot;,&quot;name&quot;:&quot;Burkina Faso&quot;},{&quot;code&quot;:&quot;BI&quot;,&quot;name&quot;:&quot;Burundi&quot;},{&quot;code&quot;:&quot;KH&quot;,&quot;name&quot;:&quot;Cambodia&quot;},{&quot;code&quot;:&quot;CM&quot;,&quot;name&quot;:&quot;Cameroon&quot;},{&quot;code&quot;:&quot;CV&quot;,&quot;name&quot;:&quot;Cape Verde&quot;},{&quot;code&quot;:&quot;KY&quot;,&quot;name&quot;:&quot;Cayman Islands&quot;},{&quot;code&quot;:&quot;CF&quot;,&quot;name&quot;:&quot;Central African Republic (CAR)&quot;},{&quot;code&quot;:&quot;TD&quot;,&quot;name&quot;:&quot;Chad&quot;},{&quot;code&quot;:&quot;CL&quot;,&quot;name&quot;:&quot;Chile&quot;},{&quot;code&quot;:&quot;CN&quot;,&quot;name&quot;:&quot;China&quot;},{&quot;code&quot;:&quot;CX&quot;,&quot;name&quot;:&quot;Christmas Island&quot;},{&quot;code&quot;:&quot;CC&quot;,&quot;name&quot;:&quot;Cocos (Keeling) Islands&quot;},{&quot;code&quot;:&quot;CO&quot;,&quot;name&quot;:&quot;Colombia&quot;},{&quot;code&quot;:&quot;KM&quot;,&quot;name&quot;:&quot;Comoros&quot;},{&quot;code&quot;:&quot;CD&quot;,&quot;name&quot;:&quot;Congo, Democratic Republic of the&quot;},{&quot;code&quot;:&quot;CG&quot;,&quot;name&quot;:&quot;Congo, Republic of the&quot;},{&quot;code&quot;:&quot;CK&quot;,&quot;name&quot;:&quot;Cook Islands&quot;},{&quot;code&quot;:&quot;CR&quot;,&quot;name&quot;:&quot;Costa Rica&quot;},{&quot;code&quot;:&quot;CI&quot;,&quot;name&quot;:&quot;Cote d&#039;Ivoire&quot;},{&quot;code&quot;:&quot;HR&quot;,&quot;name&quot;:&quot;Croatia&quot;},{&quot;code&quot;:&quot;CU&quot;,&quot;name&quot;:&quot;Cuba&quot;},{&quot;code&quot;:&quot;CY&quot;,&quot;name&quot;:&quot;Cyprus&quot;},{&quot;code&quot;:&quot;CZ&quot;,&quot;name&quot;:&quot;Czech Republic&quot;},{&quot;code&quot;:&quot;DK&quot;,&quot;name&quot;:&quot;Denmark&quot;},{&quot;code&quot;:&quot;DJ&quot;,&quot;name&quot;:&quot;Djibouti&quot;},{&quot;code&quot;:&quot;DM&quot;,&quot;name&quot;:&quot;Dominica&quot;},{&quot;code&quot;:&quot;DO&quot;,&quot;name&quot;:&quot;Dominican Republic&quot;},{&quot;code&quot;:&quot;EC&quot;,&quot;name&quot;:&quot;Ecuador&quot;},{&quot;code&quot;:&quot;EG&quot;,&quot;name&quot;:&quot;Egypt&quot;},{&quot;code&quot;:&quot;SV&quot;,&quot;name&quot;:&quot;El Salvador&quot;},{&quot;code&quot;:&quot;GQ&quot;,&quot;name&quot;:&quot;Equatorial Guinea&quot;},{&quot;code&quot;:&quot;ER&quot;,&quot;name&quot;:&quot;Eritrea&quot;},{&quot;code&quot;:&quot;EE&quot;,&quot;name&quot;:&quot;Estonia&quot;},{&quot;code&quot;:&quot;SZ&quot;,&quot;name&quot;:&quot;Eswatini&quot;},{&quot;code&quot;:&quot;ET&quot;,&quot;name&quot;:&quot;Ethiopia&quot;},{&quot;code&quot;:&quot;FK&quot;,&quot;name&quot;:&quot;Falkland Islands (Malvinas)&quot;},{&quot;code&quot;:&quot;FO&quot;,&quot;name&quot;:&quot;Faroe Islands&quot;},{&quot;code&quot;:&quot;FJ&quot;,&quot;name&quot;:&quot;Fiji&quot;},{&quot;code&quot;:&quot;FI&quot;,&quot;name&quot;:&quot;Finland&quot;},{&quot;code&quot;:&quot;FR&quot;,&quot;name&quot;:&quot;France&quot;},{&quot;code&quot;:&quot;FR&quot;,&quot;name&quot;:&quot;France Metropolitan&quot;},{&quot;code&quot;:&quot;GF&quot;,&quot;name&quot;:&quot;French Guiana&quot;},{&quot;code&quot;:&quot;PF&quot;,&quot;name&quot;:&quot;French Polynesia&quot;},{&quot;code&quot;:&quot;TF&quot;,&quot;name&quot;:&quot;French Southern Territories&quot;},{&quot;code&quot;:&quot;GA&quot;,&quot;name&quot;:&quot;Gabon&quot;},{&quot;code&quot;:&quot;GM&quot;,&quot;name&quot;:&quot;Gambia&quot;},{&quot;code&quot;:&quot;GE&quot;,&quot;name&quot;:&quot;Georgia&quot;},{&quot;code&quot;:&quot;DE&quot;,&quot;name&quot;:&quot;Germany&quot;},{&quot;code&quot;:&quot;GH&quot;,&quot;name&quot;:&quot;Ghana&quot;},{&quot;code&quot;:&quot;GI&quot;,&quot;name&quot;:&quot;Gibraltar&quot;},{&quot;code&quot;:&quot;GR&quot;,&quot;name&quot;:&quot;Greece&quot;},{&quot;code&quot;:&quot;GL&quot;,&quot;name&quot;:&quot;Greenland&quot;},{&quot;code&quot;:&quot;GD&quot;,&quot;name&quot;:&quot;Grenada&quot;},{&quot;code&quot;:&quot;GP&quot;,&quot;name&quot;:&quot;Guadeloupe&quot;},{&quot;code&quot;:&quot;GU&quot;,&quot;name&quot;:&quot;Guam&quot;},{&quot;code&quot;:&quot;GT&quot;,&quot;name&quot;:&quot;Guatemala&quot;},{&quot;code&quot;:&quot;GG&quot;,&quot;name&quot;:&quot;Guernsey&quot;},{&quot;code&quot;:&quot;GN&quot;,&quot;name&quot;:&quot;Guinea&quot;},{&quot;code&quot;:&quot;GW&quot;,&quot;name&quot;:&quot;Guinea-Bissau&quot;},{&quot;code&quot;:&quot;GY&quot;,&quot;name&quot;:&quot;Guyana&quot;},{&quot;code&quot;:&quot;HT&quot;,&quot;name&quot;:&quot;Haiti&quot;},{&quot;code&quot;:&quot;HM&quot;,&quot;name&quot;:&quot;Heard Island and McDonald Islands&quot;},{&quot;code&quot;:&quot;VA&quot;,&quot;name&quot;:&quot;Holy See (Vatican City State)&quot;},{&quot;code&quot;:&quot;HN&quot;,&quot;name&quot;:&quot;Honduras&quot;},{&quot;code&quot;:&quot;HK&quot;,&quot;name&quot;:&quot;Hong Kong&quot;},{&quot;code&quot;:&quot;HU&quot;,&quot;name&quot;:&quot;Hungary&quot;},{&quot;code&quot;:&quot;IS&quot;,&quot;name&quot;:&quot;Iceland&quot;},{&quot;code&quot;:&quot;ID&quot;,&quot;name&quot;:&quot;Indonesia&quot;},{&quot;code&quot;:&quot;IR&quot;,&quot;name&quot;:&quot;Iran&quot;},{&quot;code&quot;:&quot;IQ&quot;,&quot;name&quot;:&quot;Iraq&quot;},{&quot;code&quot;:&quot;IE&quot;,&quot;name&quot;:&quot;Ireland&quot;},{&quot;code&quot;:&quot;IM&quot;,&quot;name&quot;:&quot;Isle of Man&quot;},{&quot;code&quot;:&quot;IL&quot;,&quot;name&quot;:&quot;Israel&quot;},{&quot;code&quot;:&quot;IT&quot;,&quot;name&quot;:&quot;Italy&quot;},{&quot;code&quot;:&quot;JM&quot;,&quot;name&quot;:&quot;Jamaica&quot;},{&quot;code&quot;:&quot;JP&quot;,&quot;name&quot;:&quot;Japan&quot;},{&quot;code&quot;:&quot;JE&quot;,&quot;name&quot;:&quot;Jersey&quot;},{&quot;code&quot;:&quot;JO&quot;,&quot;name&quot;:&quot;Jordan&quot;},{&quot;code&quot;:&quot;KZ&quot;,&quot;name&quot;:&quot;Kazakhstan&quot;},{&quot;code&quot;:&quot;KE&quot;,&quot;name&quot;:&quot;Kenya&quot;},{&quot;code&quot;:&quot;KI&quot;,&quot;name&quot;:&quot;Kiribati&quot;},{&quot;code&quot;:&quot;KP&quot;,&quot;name&quot;:&quot;Korea, Democratic People&#039;s Republic of&quot;},{&quot;code&quot;:&quot;KR&quot;,&quot;name&quot;:&quot;Korea, Republic of&quot;},{&quot;code&quot;:&quot;KG&quot;,&quot;name&quot;:&quot;Kyrgyzstan&quot;},{&quot;code&quot;:&quot;LA&quot;,&quot;name&quot;:&quot;Lao People&#039;s Democratic Republic&quot;},{&quot;code&quot;:&quot;LV&quot;,&quot;name&quot;:&quot;Latvia&quot;},{&quot;code&quot;:&quot;LB&quot;,&quot;name&quot;:&quot;Lebanon&quot;},{&quot;code&quot;:&quot;LS&quot;,&quot;name&quot;:&quot;Lesotho&quot;},{&quot;code&quot;:&quot;LR&quot;,&quot;name&quot;:&quot;Liberia&quot;},{&quot;code&quot;:&quot;LY&quot;,&quot;name&quot;:&quot;Libya&quot;},{&quot;code&quot;:&quot;LI&quot;,&quot;name&quot;:&quot;Liechtenstein&quot;},{&quot;code&quot;:&quot;LT&quot;,&quot;name&quot;:&quot;Lithuania&quot;},{&quot;code&quot;:&quot;LU&quot;,&quot;name&quot;:&quot;Luxembourg&quot;},{&quot;code&quot;:&quot;MO&quot;,&quot;name&quot;:&quot;Macau&quot;},{&quot;code&quot;:&quot;the Former Yugoslav Republic of&quot;,&quot;name&quot;:&quot;Macedonia&quot;},{&quot;code&quot;:&quot;MG&quot;,&quot;name&quot;:&quot;Madagascar&quot;},{&quot;code&quot;:&quot;MW&quot;,&quot;name&quot;:&quot;Malawi&quot;},{&quot;code&quot;:&quot;MY&quot;,&quot;name&quot;:&quot;Malaysia&quot;},{&quot;code&quot;:&quot;MV&quot;,&quot;name&quot;:&quot;Maldives&quot;},{&quot;code&quot;:&quot;ML&quot;,&quot;name&quot;:&quot;Mali&quot;},{&quot;code&quot;:&quot;MT&quot;,&quot;name&quot;:&quot;Malta&quot;},{&quot;code&quot;:&quot;MH&quot;,&quot;name&quot;:&quot;Marshall Islands&quot;},{&quot;code&quot;:&quot;MQ&quot;,&quot;name&quot;:&quot;Martinique&quot;},{&quot;code&quot;:&quot;MR&quot;,&quot;name&quot;:&quot;Mauritania&quot;},{&quot;code&quot;:&quot;MU&quot;,&quot;name&quot;:&quot;Mauritius&quot;},{&quot;code&quot;:&quot;YT&quot;,&quot;name&quot;:&quot;Mayotte&quot;},{&quot;code&quot;:&quot;MX&quot;,&quot;name&quot;:&quot;Mexico&quot;},{&quot;code&quot;:&quot;FM&quot;,&quot;name&quot;:&quot;Micronesia, Federated States of&quot;},{&quot;code&quot;:&quot;MD&quot;,&quot;name&quot;:&quot;Moldova, Republic of&quot;},{&quot;code&quot;:&quot;MC&quot;,&quot;name&quot;:&quot;Monaco&quot;},{&quot;code&quot;:&quot;MN&quot;,&quot;name&quot;:&quot;Mongolia&quot;},{&quot;code&quot;:&quot;ME&quot;,&quot;name&quot;:&quot;Montenegro&quot;},{&quot;code&quot;:&quot;MS&quot;,&quot;name&quot;:&quot;Montserrat&quot;},{&quot;code&quot;:&quot;MA&quot;,&quot;name&quot;:&quot;Morocco&quot;},{&quot;code&quot;:&quot;MZ&quot;,&quot;name&quot;:&quot;Mozambique&quot;},{&quot;code&quot;:&quot;MM&quot;,&quot;name&quot;:&quot;Myanmar&quot;},{&quot;code&quot;:&quot;NA&quot;,&quot;name&quot;:&quot;Namibia&quot;},{&quot;code&quot;:&quot;NR&quot;,&quot;name&quot;:&quot;Nauru&quot;},{&quot;code&quot;:&quot;NP&quot;,&quot;name&quot;:&quot;Nepal&quot;},{&quot;code&quot;:&quot;NL&quot;,&quot;name&quot;:&quot;Netherlands&quot;},{&quot;code&quot;:&quot;AN&quot;,&quot;name&quot;:&quot;Netherlands Antilles&quot;},{&quot;code&quot;:&quot;NC&quot;,&quot;name&quot;:&quot;New Caledonia&quot;},{&quot;code&quot;:&quot;NZ&quot;,&quot;name&quot;:&quot;New Zealand&quot;},{&quot;code&quot;:&quot;NI&quot;,&quot;name&quot;:&quot;Nicaragua&quot;},{&quot;code&quot;:&quot;NE&quot;,&quot;name&quot;:&quot;Niger&quot;},{&quot;code&quot;:&quot;NG&quot;,&quot;name&quot;:&quot;Nigeria&quot;},{&quot;code&quot;:&quot;NU&quot;,&quot;name&quot;:&quot;Niue&quot;},{&quot;code&quot;:&quot;NF&quot;,&quot;name&quot;:&quot;Norfolk Island&quot;},{&quot;code&quot;:&quot;MP&quot;,&quot;name&quot;:&quot;Northern Mariana Islands&quot;},{&quot;code&quot;:&quot;NO&quot;,&quot;name&quot;:&quot;Norway&quot;},{&quot;code&quot;:&quot;PK&quot;,&quot;name&quot;:&quot;Pakistan&quot;},{&quot;code&quot;:&quot;PW&quot;,&quot;name&quot;:&quot;Palau&quot;},{&quot;code&quot;:&quot;PS&quot;,&quot;name&quot;:&quot;Palestine&quot;},{&quot;code&quot;:&quot;PS&quot;,&quot;name&quot;:&quot;Palestinian Territory&quot;},{&quot;code&quot;:&quot;PA&quot;,&quot;name&quot;:&quot;Panama&quot;},{&quot;code&quot;:&quot;PG&quot;,&quot;name&quot;:&quot;Papua New Guinea&quot;},{&quot;code&quot;:&quot;PY&quot;,&quot;name&quot;:&quot;Paraguay&quot;},{&quot;code&quot;:&quot;PE&quot;,&quot;name&quot;:&quot;Peru&quot;},{&quot;code&quot;:&quot;PH&quot;,&quot;name&quot;:&quot;Philippines&quot;},{&quot;code&quot;:&quot;PN&quot;,&quot;name&quot;:&quot;Pitcairn Islands&quot;},{&quot;code&quot;:&quot;PL&quot;,&quot;name&quot;:&quot;Poland&quot;},{&quot;code&quot;:&quot;PT&quot;,&quot;name&quot;:&quot;Portugal&quot;},{&quot;code&quot;:&quot;PR&quot;,&quot;name&quot;:&quot;Puerto Rico&quot;},{&quot;code&quot;:&quot;RE&quot;,&quot;name&quot;:&quot;Reunion&quot;},{&quot;code&quot;:&quot;RO&quot;,&quot;name&quot;:&quot;Romania&quot;},{&quot;code&quot;:&quot;RU&quot;,&quot;name&quot;:&quot;Russian Federation&quot;},{&quot;code&quot;:&quot;RW&quot;,&quot;name&quot;:&quot;Rwanda&quot;},{&quot;code&quot;:&quot;BL&quot;,&quot;name&quot;:&quot;Saint Barthelemy&quot;},{&quot;code&quot;:&quot;Ascension and Tristan da Cunha&quot;,&quot;name&quot;:&quot;Saint Helena&quot;},{&quot;code&quot;:&quot;KN&quot;,&quot;name&quot;:&quot;Saint Kitts and Nevis&quot;},{&quot;code&quot;:&quot;LC&quot;,&quot;name&quot;:&quot;Saint Lucia&quot;},{&quot;code&quot;:&quot;MF&quot;,&quot;name&quot;:&quot;Saint Martin&quot;},{&quot;code&quot;:&quot;PM&quot;,&quot;name&quot;:&quot;Saint Pierre and Miquelon&quot;},{&quot;code&quot;:&quot;VC&quot;,&quot;name&quot;:&quot;Saint Vincent and the Grenadines&quot;},{&quot;code&quot;:&quot;WS&quot;,&quot;name&quot;:&quot;Samoa&quot;},{&quot;code&quot;:&quot;SM&quot;,&quot;name&quot;:&quot;San Marino&quot;},{&quot;code&quot;:&quot;ST&quot;,&quot;name&quot;:&quot;Sao Tome and Principe&quot;},{&quot;code&quot;:&quot;SN&quot;,&quot;name&quot;:&quot;Senegal&quot;},{&quot;code&quot;:&quot;RS&quot;,&quot;name&quot;:&quot;Serbia&quot;},{&quot;code&quot;:&quot;SC&quot;,&quot;name&quot;:&quot;Seychelles&quot;},{&quot;code&quot;:&quot;SL&quot;,&quot;name&quot;:&quot;Sierra Leone&quot;},{&quot;code&quot;:&quot;SG&quot;,&quot;name&quot;:&quot;Singapore&quot;},{&quot;code&quot;:&quot;SK&quot;,&quot;name&quot;:&quot;Slovakia&quot;},{&quot;code&quot;:&quot;SI&quot;,&quot;name&quot;:&quot;Slovenia&quot;},{&quot;code&quot;:&quot;SB&quot;,&quot;name&quot;:&quot;Solomon Islands&quot;},{&quot;code&quot;:&quot;SO&quot;,&quot;name&quot;:&quot;Somalia&quot;},{&quot;code&quot;:&quot;ZA&quot;,&quot;name&quot;:&quot;South Africa&quot;},{&quot;code&quot;:&quot;GS&quot;,&quot;name&quot;:&quot;South Georgia and the South Sandwich Islands&quot;},{&quot;code&quot;:&quot;KR&quot;,&quot;name&quot;:&quot;South Korea&quot;},{&quot;code&quot;:&quot;SS&quot;,&quot;name&quot;:&quot;South Sudan&quot;},{&quot;code&quot;:&quot;ES&quot;,&quot;name&quot;:&quot;Spain&quot;},{&quot;code&quot;:&quot;LK&quot;,&quot;name&quot;:&quot;Sri Lanka&quot;},{&quot;code&quot;:&quot;SD&quot;,&quot;name&quot;:&quot;Sudan&quot;},{&quot;code&quot;:&quot;SR&quot;,&quot;name&quot;:&quot;Suriname&quot;},{&quot;code&quot;:&quot;SJ&quot;,&quot;name&quot;:&quot;Svalbard and Jan Mayen&quot;},{&quot;code&quot;:&quot;SE&quot;,&quot;name&quot;:&quot;Sweden&quot;},{&quot;code&quot;:&quot;CH&quot;,&quot;name&quot;:&quot;Switzerland&quot;},{&quot;code&quot;:&quot;SY&quot;,&quot;name&quot;:&quot;Syrian Arab Republic&quot;},{&quot;code&quot;:&quot;TW&quot;,&quot;name&quot;:&quot;Taiwan&quot;},{&quot;code&quot;:&quot;TJ&quot;,&quot;name&quot;:&quot;Tajikistan&quot;},{&quot;code&quot;:&quot;TZ&quot;,&quot;name&quot;:&quot;Tanzania&quot;},{&quot;code&quot;:&quot;TH&quot;,&quot;name&quot;:&quot;Thailand&quot;},{&quot;code&quot;:&quot;TL&quot;,&quot;name&quot;:&quot;Timor-Leste&quot;},{&quot;code&quot;:&quot;TG&quot;,&quot;name&quot;:&quot;Togo&quot;},{&quot;code&quot;:&quot;TK&quot;,&quot;name&quot;:&quot;Tokelau&quot;},{&quot;code&quot;:&quot;TO&quot;,&quot;name&quot;:&quot;Tonga&quot;},{&quot;code&quot;:&quot;TT&quot;,&quot;name&quot;:&quot;Trinidad and Tobago&quot;},{&quot;code&quot;:&quot;TN&quot;,&quot;name&quot;:&quot;Tunisia&quot;},{&quot;code&quot;:&quot;TR&quot;,&quot;name&quot;:&quot;Turkey&quot;},{&quot;code&quot;:&quot;TM&quot;,&quot;name&quot;:&quot;Turkmenistan&quot;},{&quot;code&quot;:&quot;TC&quot;,&quot;name&quot;:&quot;Turks and Caicos Islands&quot;},{&quot;code&quot;:&quot;TV&quot;,&quot;name&quot;:&quot;Tuvalu&quot;},{&quot;code&quot;:&quot;UG&quot;,&quot;name&quot;:&quot;Uganda&quot;},{&quot;code&quot;:&quot;UA&quot;,&quot;name&quot;:&quot;Ukraine&quot;},{&quot;code&quot;:&quot;AE&quot;,&quot;name&quot;:&quot;United Arab Emirates&quot;},{&quot;code&quot;:&quot;UM&quot;,&quot;name&quot;:&quot;United States Minor Outlying Islands&quot;},{&quot;code&quot;:&quot;US&quot;,&quot;name&quot;:&quot;United States of America&quot;},{&quot;code&quot;:&quot;UY&quot;,&quot;name&quot;:&quot;Uruguay&quot;},{&quot;code&quot;:&quot;UZ&quot;,&quot;name&quot;:&quot;Uzbekistan&quot;},{&quot;code&quot;:&quot;VU&quot;,&quot;name&quot;:&quot;Vanuatu&quot;},{&quot;code&quot;:&quot;VE&quot;,&quot;name&quot;:&quot;Venezuela&quot;},{&quot;code&quot;:&quot;VN&quot;,&quot;name&quot;:&quot;Vietnam&quot;},{&quot;code&quot;:&quot;VG&quot;,&quot;name&quot;:&quot;Virgin Islands,  British&quot;},{&quot;code&quot;:&quot;VI&quot;,&quot;name&quot;:&quot;Virgin Islands,  U.S.&quot;},{&quot;code&quot;:&quot;WF&quot;,&quot;name&quot;:&quot;Wallis and Futuna&quot;},{&quot;code&quot;:&quot;EH&quot;,&quot;name&quot;:&quot;Western Sahara&quot;},{&quot;code&quot;:&quot;YE&quot;,&quot;name&quot;:&quot;Yemen&quot;},{&quot;code&quot;:&quot;ZM&quot;,&quot;name&quot;:&quot;Zambia&quot;},{&quot;code&quot;:&quot;ZW&quot;,&quot;name&quot;:&quot;Zimbabwe&quot;}],&quot;setting&quot;:{&quot;avatar_details&quot;:{&quot;color_codes&quot;:{&quot;background&quot;:&quot;#80D8FF&quot;,&quot;chat_handle&quot;:&quot;#40C4FF&quot;},&quot;initials&quot;:&quot;FM&quot;}}},&quot;message&quot;:&quot;Signed up successfully&quot;}
" type="java.lang.AssertionError">
      <![CDATA[java.lang.AssertionError: 1 expectation failed.
Response body doesn't match expectation.
Expected: The content to match the given JSON schema.
error: object has missing required properties (["address_disabled","authtoken","available_country","available_currency","bant_answers","billing_entity","currency","email","enable_referral_code","enterprise_lead","first_name","id","last_name","message_preferences","nda_signed","organisation","origin","phone_number","pm_dashboard_token","price_multiplier","profile_image","referral_code","region","roles","running_project_count","setting","signup_stage","source","spec_call_nda_signed","sub_region","user_profiles","user_type","utm_campaign","utm_medium","utm_source"])
    level: "error"
    schema: {"loadingURI":"#","pointer":""}
    instance: {"pointer":""}
    domain: "validation"
    keyword: "required"
    required: ["address_disabled","authtoken","available_country","available_currency","bant_answers","billing_entity","currency","email","enable_referral_code","enterprise_lead","first_name","id","last_name","message_preferences","nda_signed","organisation","origin","phone_number","pm_dashboard_token","price_multiplier","profile_image","referral_code","region","roles","running_project_count","setting","signup_stage","source","spec_call_nda_signed","sub_region","user_profiles","user_type","utm_campaign","utm_medium","utm_source"]
    missing: ["address_disabled","authtoken","available_country","available_currency","bant_answers","billing_entity","currency","email","enable_referral_code","enterprise_lead","first_name","id","last_name","message_preferences","nda_signed","organisation","origin","phone_number","pm_dashboard_token","price_multiplier","profile_image","referral_code","region","roles","running_project_count","setting","signup_stage","source","spec_call_nda_signed","sub_region","user_profiles","user_type","utm_campaign","utm_medium","utm_source"]

  Actual: {"user":{"id":139658,"first_name":"Fatima","last_name":"Metz","email":"todd.dibbert@gmail.com","nda_signed":false,"source":"studio","phone_number":"+62-81288899305","signup_stage":null,"utm_source":null,"utm_campaign":null,"utm_medium":null,"pm_dashboard_token":null,"user_type":"User","origin":"staging","address_disabled":false,"organisation":null,"billing_entity":null,"bant_answers":null,"spec_call_nda_signed":null,"enterprise_lead":null,"profile_image":null,"referral_code":"C40d43a","price_multiplier":1.0,"enable_referral_code":false,"region":null,"sub_region":null,"message_preferences":null,"user_profiles":[],"authtoken":"z5WmT-djsyzLF8bzKDA-","currency":{"data":{"id":"2","type":"currency","attributes":{"id":2,"name":"US Dollars","code":"USD","exchange_rate":1.0,"multiplier":1.0,"symbol":"$","country_code":"US","default_store_promo_code":"","specing_price":250.0,"icon_image_file_url":"https://bstudio-staging.azureedge.net/alpha-stg-assets/uploads/image/file/591a9aa814c49f7f467463f7/Dollar.svg","instant_spec_price":250.0,"tax":0,"custom_prototype_price":1999.0,"post_upfront_price":500.0,"tax_type":null}}},"roles":"","running_project_count":0,"available_currency":["USD"],"available_country":[{"code":"AF","name":"Afghanistan"},{"code":"AX","name":"Aland Islands"},{"code":"AL","name":"Albania"},{"code":"DZ","name":"Algeria"},{"code":"AS","name":"American Samoa"},{"code":"AD","name":"Andorra"},{"code":"AO","name":"Angola"},{"code":"AI","name":"Anguilla"},{"code":"AQ","name":"Antarctica"},{"code":"AG","name":"Antigua and Barbuda"},{"code":"AR","name":"Argentina"},{"code":"AM","name":"Armenia"},{"code":"AW","name":"Aruba"},{"code":"AU","name":"Australia"},{"code":"AT","name":"Austria"},{"code":"AZ","name":"Azerbaijan"},{"code":"BS","name":"Bahamas"},{"code":"BH","name":"Bahrain"},{"code":"BD","name":"Bangladesh"},{"code":"BB","name":"Barbados"},{"code":"BY","name":"Belarus"},{"code":"BE","name":"Belgium"},{"code":"BZ","name":"Belize"},{"code":"BJ","name":"Benin"},{"code":"BM","name":"Bermuda"},{"code":"BT","name":"Bhutan"},{"code":"BO","name":"Bolivia"},{"code":"Sint Eustatius and Saba","name":"Bonaire"},{"code":"BA","name":"Bosnia and Herzegovina"},{"code":"BW","name":"Botswana"},{"code":"BV","name":"Bouvet Island"},{"code":"BR","name":"Brazil"},{"code":"IO","name":"British Indian Ocean Territory"},{"code":"BN","name":"Brunei Darussalam"},{"code":"BG","name":"Bulgaria"},{"code":"BF","name":"Burkina Faso"},{"code":"BI","name":"Burundi"},{"code":"KH","name":"Cambodia"},{"code":"CM","name":"Cameroon"},{"code":"CV","name":"Cape Verde"},{"code":"KY","name":"Cayman Islands"},{"code":"CF","name":"Central African Republic (CAR)"},{"code":"TD","name":"Chad"},{"code":"CL","name":"Chile"},{"code":"CN","name":"China"},{"code":"CX","name":"Christmas Island"},{"code":"CC","name":"Cocos (Keeling) Islands"},{"code":"CO","name":"Colombia"},{"code":"KM","name":"Comoros"},{"code":"CD","name":"Congo, Democratic Republic of the"},{"code":"CG","name":"Congo, Republic of the"},{"code":"CK","name":"Cook Islands"},{"code":"CR","name":"Costa Rica"},{"code":"CI","name":"Cote d'Ivoire"},{"code":"HR","name":"Croatia"},{"code":"CU","name":"Cuba"},{"code":"CY","name":"Cyprus"},{"code":"CZ","name":"Czech Republic"},{"code":"DK","name":"Denmark"},{"code":"DJ","name":"Djibouti"},{"code":"DM","name":"Dominica"},{"code":"DO","name":"Dominican Republic"},{"code":"EC","name":"Ecuador"},{"code":"EG","name":"Egypt"},{"code":"SV","name":"El Salvador"},{"code":"GQ","name":"Equatorial Guinea"},{"code":"ER","name":"Eritrea"},{"code":"EE","name":"Estonia"},{"code":"SZ","name":"Eswatini"},{"code":"ET","name":"Ethiopia"},{"code":"FK","name":"Falkland Islands (Malvinas)"},{"code":"FO","name":"Faroe Islands"},{"code":"FJ","name":"Fiji"},{"code":"FI","name":"Finland"},{"code":"FR","name":"France"},{"code":"FR","name":"France Metropolitan"},{"code":"GF","name":"French Guiana"},{"code":"PF","name":"French Polynesia"},{"code":"TF","name":"French Southern Territories"},{"code":"GA","name":"Gabon"},{"code":"GM","name":"Gambia"},{"code":"GE","name":"Georgia"},{"code":"DE","name":"Germany"},{"code":"GH","name":"Ghana"},{"code":"GI","name":"Gibraltar"},{"code":"GR","name":"Greece"},{"code":"GL","name":"Greenland"},{"code":"GD","name":"Grenada"},{"code":"GP","name":"Guadeloupe"},{"code":"GU","name":"Guam"},{"code":"GT","name":"Guatemala"},{"code":"GG","name":"Guernsey"},{"code":"GN","name":"Guinea"},{"code":"GW","name":"Guinea-Bissau"},{"code":"GY","name":"Guyana"},{"code":"HT","name":"Haiti"},{"code":"HM","name":"Heard Island and McDonald Islands"},{"code":"VA","name":"Holy See (Vatican City State)"},{"code":"HN","name":"Honduras"},{"code":"HK","name":"Hong Kong"},{"code":"HU","name":"Hungary"},{"code":"IS","name":"Iceland"},{"code":"ID","name":"Indonesia"},{"code":"IR","name":"Iran"},{"code":"IQ","name":"Iraq"},{"code":"IE","name":"Ireland"},{"code":"IM","name":"Isle of Man"},{"code":"IL","name":"Israel"},{"code":"IT","name":"Italy"},{"code":"JM","name":"Jamaica"},{"code":"JP","name":"Japan"},{"code":"JE","name":"Jersey"},{"code":"JO","name":"Jordan"},{"code":"KZ","name":"Kazakhstan"},{"code":"KE","name":"Kenya"},{"code":"KI","name":"Kiribati"},{"code":"KP","name":"Korea, Democratic People's Republic of"},{"code":"KR","name":"Korea, Republic of"},{"code":"KG","name":"Kyrgyzstan"},{"code":"LA","name":"Lao People's Democratic Republic"},{"code":"LV","name":"Latvia"},{"code":"LB","name":"Lebanon"},{"code":"LS","name":"Lesotho"},{"code":"LR","name":"Liberia"},{"code":"LY","name":"Libya"},{"code":"LI","name":"Liechtenstein"},{"code":"LT","name":"Lithuania"},{"code":"LU","name":"Luxembourg"},{"code":"MO","name":"Macau"},{"code":"the Former Yugoslav Republic of","name":"Macedonia"},{"code":"MG","name":"Madagascar"},{"code":"MW","name":"Malawi"},{"code":"MY","name":"Malaysia"},{"code":"MV","name":"Maldives"},{"code":"ML","name":"Mali"},{"code":"MT","name":"Malta"},{"code":"MH","name":"Marshall Islands"},{"code":"MQ","name":"Martinique"},{"code":"MR","name":"Mauritania"},{"code":"MU","name":"Mauritius"},{"code":"YT","name":"Mayotte"},{"code":"MX","name":"Mexico"},{"code":"FM","name":"Micronesia, Federated States of"},{"code":"MD","name":"Moldova, Republic of"},{"code":"MC","name":"Monaco"},{"code":"MN","name":"Mongolia"},{"code":"ME","name":"Montenegro"},{"code":"MS","name":"Montserrat"},{"code":"MA","name":"Morocco"},{"code":"MZ","name":"Mozambique"},{"code":"MM","name":"Myanmar"},{"code":"NA","name":"Namibia"},{"code":"NR","name":"Nauru"},{"code":"NP","name":"Nepal"},{"code":"NL","name":"Netherlands"},{"code":"AN","name":"Netherlands Antilles"},{"code":"NC","name":"New Caledonia"},{"code":"NZ","name":"New Zealand"},{"code":"NI","name":"Nicaragua"},{"code":"NE","name":"Niger"},{"code":"NG","name":"Nigeria"},{"code":"NU","name":"Niue"},{"code":"NF","name":"Norfolk Island"},{"code":"MP","name":"Northern Mariana Islands"},{"code":"NO","name":"Norway"},{"code":"PK","name":"Pakistan"},{"code":"PW","name":"Palau"},{"code":"PS","name":"Palestine"},{"code":"PS","name":"Palestinian Territory"},{"code":"PA","name":"Panama"},{"code":"PG","name":"Papua New Guinea"},{"code":"PY","name":"Paraguay"},{"code":"PE","name":"Peru"},{"code":"PH","name":"Philippines"},{"code":"PN","name":"Pitcairn Islands"},{"code":"PL","name":"Poland"},{"code":"PT","name":"Portugal"},{"code":"PR","name":"Puerto Rico"},{"code":"RE","name":"Reunion"},{"code":"RO","name":"Romania"},{"code":"RU","name":"Russian Federation"},{"code":"RW","name":"Rwanda"},{"code":"BL","name":"Saint Barthelemy"},{"code":"Ascension and Tristan da Cunha","name":"Saint Helena"},{"code":"KN","name":"Saint Kitts and Nevis"},{"code":"LC","name":"Saint Lucia"},{"code":"MF","name":"Saint Martin"},{"code":"PM","name":"Saint Pierre and Miquelon"},{"code":"VC","name":"Saint Vincent and the Grenadines"},{"code":"WS","name":"Samoa"},{"code":"SM","name":"San Marino"},{"code":"ST","name":"Sao Tome and Principe"},{"code":"SN","name":"Senegal"},{"code":"RS","name":"Serbia"},{"code":"SC","name":"Seychelles"},{"code":"SL","name":"Sierra Leone"},{"code":"SG","name":"Singapore"},{"code":"SK","name":"Slovakia"},{"code":"SI","name":"Slovenia"},{"code":"SB","name":"Solomon Islands"},{"code":"SO","name":"Somalia"},{"code":"ZA","name":"South Africa"},{"code":"GS","name":"South Georgia and the South Sandwich Islands"},{"code":"KR","name":"South Korea"},{"code":"SS","name":"South Sudan"},{"code":"ES","name":"Spain"},{"code":"LK","name":"Sri Lanka"},{"code":"SD","name":"Sudan"},{"code":"SR","name":"Suriname"},{"code":"SJ","name":"Svalbard and Jan Mayen"},{"code":"SE","name":"Sweden"},{"code":"CH","name":"Switzerland"},{"code":"SY","name":"Syrian Arab Republic"},{"code":"TW","name":"Taiwan"},{"code":"TJ","name":"Tajikistan"},{"code":"TZ","name":"Tanzania"},{"code":"TH","name":"Thailand"},{"code":"TL","name":"Timor-Leste"},{"code":"TG","name":"Togo"},{"code":"TK","name":"Tokelau"},{"code":"TO","name":"Tonga"},{"code":"TT","name":"Trinidad and Tobago"},{"code":"TN","name":"Tunisia"},{"code":"TR","name":"Turkey"},{"code":"TM","name":"Turkmenistan"},{"code":"TC","name":"Turks and Caicos Islands"},{"code":"TV","name":"Tuvalu"},{"code":"UG","name":"Uganda"},{"code":"UA","name":"Ukraine"},{"code":"AE","name":"United Arab Emirates"},{"code":"UM","name":"United States Minor Outlying Islands"},{"code":"US","name":"United States of America"},{"code":"UY","name":"Uruguay"},{"code":"UZ","name":"Uzbekistan"},{"code":"VU","name":"Vanuatu"},{"code":"VE","name":"Venezuela"},{"code":"VN","name":"Vietnam"},{"code":"VG","name":"Virgin Islands,  British"},{"code":"VI","name":"Virgin Islands,  U.S."},{"code":"WF","name":"Wallis and Futuna"},{"code":"EH","name":"Western Sahara"},{"code":"YE","name":"Yemen"},{"code":"ZM","name":"Zambia"},{"code":"ZW","name":"Zimbabwe"}],"setting":{"avatar_details":{"color_codes":{"background":"#80D8FF","chat_handle":"#40C4FF"},"initials":"FM"}}},"message":"Signed up successfully"}

at java.base/jdk.internal.reflect.NativeConstructorAccessorImpl.newInstance0(Native Method)
at java.base/jdk.internal.reflect.NativeConstructorAccessorImpl.newInstance(NativeConstructorAccessorImpl.java:77)
at java.base/jdk.internal.reflect.DelegatingConstructorAccessorImpl.newInstance(DelegatingConstructorAccessorImpl.java:45)
at java.base/java.lang.reflect.Constructor.newInstanceWithCaller(Constructor.java:499)
at java.base/java.lang.reflect.Constructor.newInstance(Constructor.java:480)
at org.codehaus.groovy.reflection.CachedConstructor.invoke(CachedConstructor.java:72)
at org.codehaus.groovy.runtime.callsite.ConstructorSite$ConstructorSiteNoUnwrapNoCoerce.callConstructor(ConstructorSite.java:105)
at org.codehaus.groovy.runtime.callsite.CallSiteArray.defaultCallConstructor(CallSiteArray.java:59)
at org.codehaus.groovy.runtime.callsite.AbstractCallSite.callConstructor(AbstractCallSite.java:263)
at org.codehaus.groovy.runtime.callsite.AbstractCallSite.callConstructor(AbstractCallSite.java:277)
at io.restassured.internal.ResponseSpecificationImpl$HamcrestAssertionClosure.validate(ResponseSpecificationImpl.groovy:493)
at io.restassured.internal.ResponseSpecificationImpl$HamcrestAssertionClosure$validate$1.call(Unknown Source)
at org.codehaus.groovy.runtime.callsite.CallSiteArray.defaultCall(CallSiteArray.java:47)
at org.codehaus.groovy.runtime.callsite.AbstractCallSite.call(AbstractCallSite.java:125)
at org.codehaus.groovy.runtime.callsite.AbstractCallSite.call(AbstractCallSite.java:139)
at io.restassured.internal.ResponseSpecificationImpl.validateResponseIfRequired(ResponseSpecificationImpl.groovy:674)
at java.base/jdk.internal.reflect.NativeMethodAccessorImpl.invoke0(Native Method)
at java.base/jdk.internal.reflect.NativeMethodAccessorImpl.invoke(NativeMethodAccessorImpl.java:77)
at java.base/jdk.internal.reflect.DelegatingMethodAccessorImpl.invoke(DelegatingMethodAccessorImpl.java:43)
at java.base/java.lang.reflect.Method.invoke(Method.java:568)
at org.codehaus.groovy.runtime.callsite.PlainObjectMetaMethodSite.doInvoke(PlainObjectMetaMethodSite.java:43)
at org.codehaus.groovy.runtime.callsite.PogoMetaMethodSite$PogoCachedMethodSiteNoUnwrapNoCoerce.invoke(PogoMetaMethodSite.java:193)
at org.codehaus.groovy.runtime.callsite.PogoMetaMethodSite.callCurrent(PogoMetaMethodSite.java:61)
at org.codehaus.groovy.runtime.callsite.CallSiteArray.defaultCallCurrent(CallSiteArray.java:51)
at org.codehaus.groovy.runtime.callsite.AbstractCallSite.callCurrent(AbstractCallSite.java:171)
at org.codehaus.groovy.runtime.callsite.AbstractCallSite.callCurrent(AbstractCallSite.java:185)
at io.restassured.internal.ResponseSpecificationImpl.body(ResponseSpecificationImpl.groovy:98)
at io.restassured.internal.ValidatableResponseOptionsImpl.body(ValidatableResponseOptionsImpl.java:238)
at io.restassured.internal.ValidatableResponseImpl.super$2$body(ValidatableResponseImpl.groovy)
at java.base/jdk.internal.reflect.NativeMethodAccessorImpl.invoke0(Native Method)
at java.base/jdk.internal.reflect.NativeMethodAccessorImpl.invoke(NativeMethodAccessorImpl.java:77)
at java.base/jdk.internal.reflect.DelegatingMethodAccessorImpl.invoke(DelegatingMethodAccessorImpl.java:43)
at java.base/java.lang.reflect.Method.invoke(Method.java:568)
at org.codehaus.groovy.reflection.CachedMethod.invoke(CachedMethod.java:107)
at groovy.lang.MetaMethod.doMethodInvoke(MetaMethod.java:323)
at groovy.lang.MetaClassImpl.invokeMethod(MetaClassImpl.java:1268)
at org.codehaus.groovy.runtime.ScriptBytecodeAdapter.invokeMethodOnSuperN(ScriptBytecodeAdapter.java:144)
at io.restassured.internal.ValidatableResponseImpl.body(ValidatableResponseImpl.groovy:293)
at io.restassured.internal.ValidatableResponseImpl.body(ValidatableResponseImpl.groovy)
at qaautomation.stagingengineerai.APITest.signupAPI(APITest.java:38)
at java.base/jdk.internal.reflect.NativeMethodAccessorImpl.invoke0(Native Method)
at java.base/jdk.internal.reflect.NativeMethodAccessorImpl.invoke(NativeMethodAccessorImpl.java:77)
at java.base/jdk.internal.reflect.DelegatingMethodAccessorImpl.invoke(DelegatingMethodAccessorImpl.java:43)
at java.base/java.lang.reflect.Method.invoke(Method.java:568)
at org.testng.internal.MethodInvocationHelper.invokeMethod(MethodInvocationHelper.java:124)
at org.testng.internal.Invoker.invokeMethod(Invoker.java:583)
at org.testng.internal.Invoker.invokeTestMethod(Invoker.java:719)
at org.testng.internal.Invoker.invokeTestMethods(Invoker.java:989)
at org.testng.internal.TestMethodWorker.invokeTestMethods(TestMethodWorker.java:125)
at org.testng.internal.TestMethodWorker.run(TestMethodWorker.java:109)
at org.testng.TestRunner.privateRun(TestRunner.java:648)
at org.testng.TestRunner.run(TestRunner.java:505)
at org.testng.SuiteRunner.runTest(SuiteRunner.java:455)
at org.testng.SuiteRunner.runSequentially(SuiteRunner.java:450)
at org.testng.SuiteRunner.privateRun(SuiteRunner.java:415)
at org.testng.SuiteRunner.run(SuiteRunner.java:364)
at org.testng.SuiteRunnerWorker.runSuite(SuiteRunnerWorker.java:52)
at org.testng.SuiteRunnerWorker.run(SuiteRunnerWorker.java:84)
at org.testng.TestNG.runSuitesSequentially(TestNG.java:1208)
at org.testng.TestNG.runSuitesLocally(TestNG.java:1137)
at org.testng.TestNG.runSuites(TestNG.java:1049)
at org.testng.TestNG.run(TestNG.java:1017)
at org.testng.remote.AbstractRemoteTestNG.run(AbstractRemoteTestNG.java:115)
at org.testng.remote.RemoteTestNG.initAndRun(RemoteTestNG.java:251)
at org.testng.remote.RemoteTestNG.main(RemoteTestNG.java:77)
]]>
    </failure>
  </testcase> <!-- signupAPI -->
</testsuite> <!-- qaautomation.stagingengineerai.APITest -->
