<?xml version="1.0" encoding="UTF-8"?>
<!-- Generated by org.testng.reporters.JUnitReportReporter -->
<testsuite hostname="Hafizhs-MacBook-Air.local" failures="0" tests="1" name="qaautomation.saucedemo.WebTest" time="14.436" errors="0" timestamp="2023-01-29T02:26:11 WIB" skipped="0">
  <testcase classname="qaautomation.saucedemo.WebTest" name="testSuccessTransaction" time="14.436"/>
  <system-out/>
</testsuite> <!-- qaautomation.saucedemo.WebTest -->
