<?xml version="1.0" encoding="UTF-8"?>
<!-- Generated by org.testng.reporters.JUnitReportReporter -->
<testsuite hostname="Hafizhs-MacBook-Air.local" failures="0" tests="1" name="qaautomation.saucedemo.AppTest" time="0.009" errors="0" timestamp="2022-12-23T01:27:50 WIB" skipped="0">
  <testcase classname="qaautomation.saucedemo.AppTest" name="Test1" time="0.009"/>
  <system-out/>
</testsuite> <!-- qaautomation.saucedemo.AppTest -->
