<?xml version="1.0" encoding="UTF-8"?>
<!-- Generated by org.testng.reporters.JUnitReportReporter -->
<testsuite hostname="Hafizhs-MacBook-Air.local" failures="0" tests="1" name="qaautomation.yopmail.WebTest" time="54.524" errors="0" timestamp="26 Jan 2023 05:15:15 GMT" skipped="0">
  <testcase classname="qaautomation.yopmail.WebTest" name="testSuccessGetBodyMail" time="54.524"/>
</testsuite> <!-- qaautomation.yopmail.WebTest -->
